<?xml version="1.0" encoding="UTF-8"?>
<testng-results ignored="0" total="1" passed="1" failed="0" skipped="0">
  <reporter-output>
  </reporter-output>
  <suite started-at="2020-10-22T00:37:14 EDT" name="Default suite" finished-at="2020-10-22T00:37:20 EDT" duration-ms="5581">
    <groups>
    </groups>
    <test started-at="2020-10-22T00:37:14 EDT" name="Default test" finished-at="2020-10-22T00:37:20 EDT" duration-ms="5581">
      <class name="defualt_package.test001">
        <test-method signature="test0001()[pri:0, instance:defualt_package.test001@5609159b]" started-at="2020-10-22T00:37:15 EDT" name="test0001" finished-at="2020-10-22T00:37:20 EDT" duration-ms="5365" status="PASS">
          <reporter-output>
          </reporter-output>
        </test-method> <!-- test0001 -->
      </class> <!-- defualt_package.test001 -->
    </test> <!-- Default test -->
  </suite> <!-- Default suite -->
</testng-results>
