<?xml version="1.0" encoding="UTF-8"?>
<testng-results ignored="0" total="1" passed="1" failed="0" skipped="0">
  <reporter-output>
  </reporter-output>
  <suite started-at="2020-10-28T22:16:50 EDT" name="Default suite" finished-at="2020-10-28T22:16:59 EDT" duration-ms="9139">
    <groups>
    </groups>
    <test started-at="2020-10-28T22:16:50 EDT" name="Default test" finished-at="2020-10-28T22:16:59 EDT" duration-ms="9139">
      <class name="defualt_package.test001">
        <test-method signature="Test_003()[pri:0, instance:defualt_package.test001@68567e20]" started-at="2020-10-28T22:16:50 EDT" name="Test_003" finished-at="2020-10-28T22:16:59 EDT" duration-ms="9025" status="PASS">
          <reporter-output>
          </reporter-output>
        </test-method> <!-- Test_003 -->
      </class> <!-- defualt_package.test001 -->
    </test> <!-- Default test -->
  </suite> <!-- Default suite -->
</testng-results>
